C51 COMPILER V9.00   COMMON                                                                01/29/2018 17:41:56 PAGE 1   


C51 COMPILER V9.00, COMPILATION OF MODULE COMMON
OBJECT MODULE PLACED IN common.obj
COMPILER INVOKED BY: C:\Keil\C51\BIN\C51.EXE Common\common.c BROWSE DEBUG OBJECTEXTEND PRINT(.\common.lst) OBJECT(common
                    -.obj)

line level    source

   1          #include "common.h"
   2          
   3          void Delay_us(unsigned short DelayCycle)//tDelay = (13+8*Cycle)*12/11.0592(us).
   4          {
   5   1              while(DelayCycle)
   6   1                      DelayCycle--;
   7   1      }


MODULE INFORMATION:   STATIC OVERLAYABLE
   CODE SIZE        =     12    ----
   CONSTANT SIZE    =   ----    ----
   XDATA SIZE       =   ----    ----
   PDATA SIZE       =   ----    ----
   DATA SIZE        =   ----    ----
   IDATA SIZE       =   ----    ----
   BIT SIZE         =   ----    ----
END OF MODULE INFORMATION.


C51 COMPILATION COMPLETE.  0 WARNING(S),  0 ERROR(S)
