C51 COMPILER V9.00   IIC                                                                   01/29/2018 17:41:55 PAGE 1   


C51 COMPILER V9.00, COMPILATION OF MODULE IIC
OBJECT MODULE PLACED IN IIC.obj
COMPILER INVOKED BY: C:\Keil\C51\BIN\C51.EXE IIC\IIC.c BROWSE DEBUG OBJECTEXTEND PRINT(.\IIC.lst) OBJECT(IIC.obj)

line level    source

   1          #include "IIC.h"
   2          
   3          //Bus free time between a STOP and START condition: >1.3us
   4          //LOW period of the SCL clock: >1.3us
   5          //HIGH period of the SCL clock: >0.6us
   6          //Set-up time for a repeated START condition: >0.6us
   7          //Hold time (repeated) START condition: >0.6us
   8          //Data set-up time: >0.1us
   9          //Set-up time for STOP condition >0.6us
  10          //Machine Cycle Time = 1.08us @ 11.0592MHz
  11          
  12          void IIC_Start(void)
  13          {
  14   1              SCL = 1;
  15   1              SDA = 1;
  16   1              SDA = 0;
  17   1              SCL = 0;
  18   1      }
  19          
  20          void IIC_Stop(void)
  21          {
  22   1              SDA = 0;
  23   1              SCL = 1;
  24   1              SDA = 1;
  25   1      }
  26          
  27          void IIC_SendACK(bit ACK_Type)
  28          {
  29   1              SDA = ACK_Type;
  30   1              SCL = 1;
  31   1              SCL = 0;
  32   1              SDA = 1;                                                        //Release SDA.
  33   1      }
  34          
  35          bit IIC_RecvACK_Error(void)
  36          {
  37   1              bit RecvAckError;
  38   1      
  39   1              SDA = 1;                                                        //Write "1" before read.
  40   1              SCL = 1;
  41   1              RecvAckError = SDA;             //Read SDA.
  42   1              SCL = 0;
  43   1      
  44   1              return RecvAckError;
  45   1      }
  46          
  47          void IIC_SendOneByte(unsigned char TxValue)
  48          {
  49   1              unsigned char i;
  50   1      
  51   1              for(i=0; i<8; i++)
  52   1              {
  53   2                      TxValue <<= 1;                  //Data is transferred with MSB first.
  54   2                      SDA = CY;                                               //If MSB is 1, the Carry Flag (CY) will be set to 1 after left logical shift, and vice ve
             -rsa.
C51 COMPILER V9.00   IIC                                                                   01/29/2018 17:41:55 PAGE 2   

  55   2                      SCL = 1;
  56   2                      SCL = 0;
  57   2              }
  58   1      }
  59          
  60          unsigned char IIC_RecvOneByte(void)
  61          {
  62   1              unsigned char RxValue = 0;
  63   1              unsigned char i;
  64   1      
  65   1              SDA = 1;                                                        //Write "1" before read.
  66   1              for(i=0; i<8; i++)
  67   1              {
  68   2                      RxValue <<= 1;
  69   2                      SCL = 1;
  70   2                      RxValue |= SDA;
  71   2                      SCL = 0;
  72   2              }
  73   1      
  74   1              return RxValue;
  75   1      }


MODULE INFORMATION:   STATIC OVERLAYABLE
   CODE SIZE        =     81    ----
   CONSTANT SIZE    =   ----    ----
   XDATA SIZE       =   ----    ----
   PDATA SIZE       =   ----    ----
   DATA SIZE        =   ----    ----
   IDATA SIZE       =   ----    ----
   BIT SIZE         =   ----       2
END OF MODULE INFORMATION.


C51 COMPILATION COMPLETE.  0 WARNING(S),  0 ERROR(S)
